<?xml version="1.0" encoding="UTF-8"?>
<!-- Generated by org.testng.reporters.JUnitXMLReporter -->
<testsuite hostname="DESKTOP-OM2QHAP" name="Default test" tests="2" failures="0" timestamp="12 Dec 2020 03:23:41 GMT" time="14.036" errors="0">
  <testcase name="@BeforeMethod setUp" time="0.0" classname="com.visionit.orangehrm.testCases.AddUserTC_002">
    <failure type="org.openqa.selenium.SessionNotCreatedException" message="session not created: This version of ChromeDriver only supports Chrome version 85
Build info: version: &amp;apos;3.141.59&amp;apos;, revision: &amp;apos;e82be7d358&amp;apos;, time: &amp;apos;2018-11-14T08:17:03&amp;apos;
System info: host: &amp;apos;DESKTOP-OM2QHAP&amp;apos;, ip: &amp;apos;192.168.43.249&amp;apos;, os.name: &amp;apos;Windows 10&amp;apos;, os.arch: &amp;apos;amd64&amp;apos;, os.version: &amp;apos;10.0&amp;apos;, java.version: &amp;apos;1.8.0_91&amp;apos;
Driver info: driver.version: ChromeDriver
remote stacktrace: Backtrace:
	Ordinal0 [0x004DD383+3134339]
	Ordinal0 [0x003CA171+2007409]
	Ordinal0 [0x0026AEE8+569064]
	Ordinal0 [0x001F139F+70559]
	Ordinal0 [0x001ECC63+52323]
	Ordinal0 [0x00210DFC+200188]
	Ordinal0 [0x00210C1D+199709]
	Ordinal0 [0x0020EB0B+191243]
	Ordinal0 [0x001F2E77+77431]
	Ordinal0 [0x001F3E3E+81470]
	Ordinal0 [0x001F3DC9+81353]
	Ordinal0 [0x003E0CD9+2100441]
	GetHandleVerifier [0x0064B75A+1396954]
	GetHandleVerifier [0x0064B3D9+1396057]
	GetHandleVerifier [0x00657126+1444518]
	GetHandleVerifier [0x0064BCE8+1398376]
	Ordinal0 [0x003D7F51+2064209]
	Ordinal0 [0x003E22EB+2106091]
	Ordinal0 [0x003E2411+2106385]
	Ordinal0 [0x003F49C4+2181572]
	BaseThreadInitThunk [0x75E20419+25]
	RtlGetAppContainerNamedObjectPath [0x773D66ED+237]
	RtlGetAppContainerNamedObjectPath [0x773D66BD+189]
">
      <![CDATA[org.openqa.selenium.SessionNotCreatedException: session not created: This version of ChromeDriver only supports Chrome version 85
Build info: version: '3.141.59', revision: 'e82be7d358', time: '2018-11-14T08:17:03'
System info: host: 'DESKTOP-OM2QHAP', ip: '192.168.43.249', os.name: 'Windows 10', os.arch: 'amd64', os.version: '10.0', java.version: '1.8.0_91'
Driver info: driver.version: ChromeDriver
remote stacktrace: Backtrace:
	Ordinal0 [0x004DD383+3134339]
	Ordinal0 [0x003CA171+2007409]
	Ordinal0 [0x0026AEE8+569064]
	Ordinal0 [0x001F139F+70559]
	Ordinal0 [0x001ECC63+52323]
	Ordinal0 [0x00210DFC+200188]
	Ordinal0 [0x00210C1D+199709]
	Ordinal0 [0x0020EB0B+191243]
	Ordinal0 [0x001F2E77+77431]
	Ordinal0 [0x001F3E3E+81470]
	Ordinal0 [0x001F3DC9+81353]
	Ordinal0 [0x003E0CD9+2100441]
	GetHandleVerifier [0x0064B75A+1396954]
	GetHandleVerifier [0x0064B3D9+1396057]
	GetHandleVerifier [0x00657126+1444518]
	GetHandleVerifier [0x0064BCE8+1398376]
	Ordinal0 [0x003D7F51+2064209]
	Ordinal0 [0x003E22EB+2106091]
	Ordinal0 [0x003E2411+2106385]
	Ordinal0 [0x003F49C4+2181572]
	BaseThreadInitThunk [0x75E20419+25]
	RtlGetAppContainerNamedObjectPath [0x773D66ED+237]
	RtlGetAppContainerNamedObjectPath [0x773D66BD+189]

	at sun.reflect.NativeConstructorAccessorImpl.newInstance0(Native Method)
	at sun.reflect.NativeConstructorAccessorImpl.newInstance(Unknown Source)
	at sun.reflect.DelegatingConstructorAccessorImpl.newInstance(Unknown Source)
	at java.lang.reflect.Constructor.newInstance(Unknown Source)
	at org.openqa.selenium.remote.W3CHandshakeResponse.lambda$errorHandler$0(W3CHandshakeResponse.java:62)
	at org.openqa.selenium.remote.HandshakeResponse.lambda$getResponseFunction$0(HandshakeResponse.java:30)
	at org.openqa.selenium.remote.ProtocolHandshake.lambda$createSession$0(ProtocolHandshake.java:126)
	at java.util.stream.ReferencePipeline$3$1.accept(Unknown Source)
	at java.util.Spliterators$ArraySpliterator.tryAdvance(Unknown Source)
	at java.util.stream.ReferencePipeline.forEachWithCancel(Unknown Source)
	at java.util.stream.AbstractPipeline.copyIntoWithCancel(Unknown Source)
	at java.util.stream.AbstractPipeline.copyInto(Unknown Source)
	at java.util.stream.AbstractPipeline.wrapAndCopyInto(Unknown Source)
	at java.util.stream.FindOps$FindOp.evaluateSequential(Unknown Source)
	at java.util.stream.AbstractPipeline.evaluate(Unknown Source)
	at java.util.stream.ReferencePipeline.findFirst(Unknown Source)
	at org.openqa.selenium.remote.ProtocolHandshake.createSession(ProtocolHandshake.java:128)
	at org.openqa.selenium.remote.ProtocolHandshake.createSession(ProtocolHandshake.java:74)
	at org.openqa.selenium.remote.HttpCommandExecutor.execute(HttpCommandExecutor.java:136)
	at org.openqa.selenium.remote.service.DriverCommandExecutor.execute(DriverCommandExecutor.java:83)
	at org.openqa.selenium.remote.RemoteWebDriver.execute(RemoteWebDriver.java:552)
	at org.openqa.selenium.remote.RemoteWebDriver.startSession(RemoteWebDriver.java:213)
	at org.openqa.selenium.remote.RemoteWebDriver.<init>(RemoteWebDriver.java:131)
	at org.openqa.selenium.chrome.ChromeDriver.<init>(ChromeDriver.java:181)
	at org.openqa.selenium.chrome.ChromeDriver.<init>(ChromeDriver.java:168)
	at org.openqa.selenium.chrome.ChromeDriver.<init>(ChromeDriver.java:123)
	at com.visionit.orangehrm.testBase.TestBase.setUp(TestBase.java:80)
	at sun.reflect.NativeMethodAccessorImpl.invoke0(Native Method)
	at sun.reflect.NativeMethodAccessorImpl.invoke(Unknown Source)
	at sun.reflect.DelegatingMethodAccessorImpl.invoke(Unknown Source)
	at java.lang.reflect.Method.invoke(Unknown Source)
	at org.testng.internal.MethodInvocationHelper.invokeMethod(MethodInvocationHelper.java:86)
	at org.testng.internal.Invoker.invokeConfigurationMethod(Invoker.java:515)
	at org.testng.internal.Invoker.invokeConfigurations(Invoker.java:216)
	at org.testng.internal.Invoker.invokeMethod(Invoker.java:590)
	at org.testng.internal.Invoker.invokeTestMethod(Invoker.java:823)
	at org.testng.internal.Invoker.invokeTestMethods(Invoker.java:1131)
	at org.testng.internal.TestMethodWorker.invokeTestMethods(TestMethodWorker.java:129)
	at org.testng.internal.TestMethodWorker.run(TestMethodWorker.java:112)
	at org.testng.TestRunner.privateRun(TestRunner.java:778)
	at org.testng.TestRunner.run(TestRunner.java:632)
	at org.testng.SuiteRunner.runTest(SuiteRunner.java:366)
	at org.testng.SuiteRunner.runSequentially(SuiteRunner.java:361)
	at org.testng.SuiteRunner.privateRun(SuiteRunner.java:319)
	at org.testng.SuiteRunner.run(SuiteRunner.java:268)
	at org.testng.SuiteRunnerWorker.runSuite(SuiteRunnerWorker.java:52)
	at org.testng.SuiteRunnerWorker.run(SuiteRunnerWorker.java:86)
	at org.testng.TestNG.runSuitesSequentially(TestNG.java:1225)
	at org.testng.TestNG.runSuitesLocally(TestNG.java:1150)
	at org.testng.TestNG.runSuites(TestNG.java:1075)
	at org.testng.TestNG.run(TestNG.java:1047)
	at org.testng.remote.AbstractRemoteTestNG.run(AbstractRemoteTestNG.java:126)
	at org.testng.remote.RemoteTestNG.initAndRun(RemoteTestNG.java:137)
	at org.testng.remote.RemoteTestNG.main(RemoteTestNG.java:58)
]]>
    </failure>
  </testcase> <!-- @BeforeMethod setUp -->
  <testcase name="@AfterMethod tearDown" time="0.0" classname="com.visionit.orangehrm.testCases.AddUserTC_002">
    <skipped/>
  </testcase> <!-- @AfterMethod tearDown -->
  <testcase name="@BeforeMethod setUp" time="0.0" classname="com.visionit.orangehrm.testCases.AddUserTC_002">
    <skipped/>
  </testcase> <!-- @BeforeMethod setUp -->
  <testcase name="@AfterMethod tearDown" time="0.0" classname="com.visionit.orangehrm.testCases.AddUserTC_002">
    <skipped/>
  </testcase> <!-- @AfterMethod tearDown -->
  <testcase name="@AfterTest endReport" time="0.0" classname="com.visionit.orangehrm.testCases.AddUserTC_002">
    <skipped/>
  </testcase> <!-- @AfterTest endReport -->
  <testcase name="addNewUserTest" time="0.008" classname="com.visionit.orangehrm.testCases.AddUserTC_002">
    <skipped/>
  </testcase> <!-- addNewUserTest -->
  <testcase name="addNewUserTest" time="0.007" classname="com.visionit.orangehrm.testCases.AddUserTC_002">
    <skipped/>
  </testcase> <!-- addNewUserTest -->
</testsuite> <!-- Default test -->
